$ mtl

Epoch 0 loss 1.42 acc 0.52 0.6038 time 38.54
Epoch 1 loss 1.20 acc 0.55 0.6786 time 39.76
Epoch 2 loss 1.00 acc 0.58 0.7330 time 37.19
Epoch 3 loss 0.88 acc 0.60 0.7286 time 37.23
Epoch 4 loss 0.80 acc 0.63 0.7673 time 36.14
Epoch 5 loss 0.72 acc 0.66 0.7668 time 37.03
Epoch 6 loss 0.67 acc 0.68 0.7879 time 35.58
Epoch 7 loss 0.62 acc 0.70 0.7914 time 36.38
Epoch 8 loss 0.59 acc 0.71 0.7982 time 36.25
Epoch 9 loss 0.55 acc 0.74 0.7996 time 35.90
Epoch 10 loss 0.53 acc 0.75 0.8004 time 35.57
Epoch 11 loss 0.50 acc 0.76 0.8202 time 35.65
Epoch 12 loss 0.48 acc 0.78 0.8262 time 35.85
Epoch 13 loss 0.47 acc 0.79 0.8282 time 35.97
Epoch 14 loss 0.45 acc 0.80 0.8318 time 35.90
Epoch 15 loss 0.44 acc 0.81 0.8348 time 35.50
Epoch 16 loss 0.41 acc 0.82 0.8279 time 35.96
Epoch 17 loss 0.40 acc 0.83 0.8393 time 34.58
Epoch 18 loss 0.38 acc 0.84 0.8375 time 35.61
Epoch 19 loss 0.37 acc 0.84 0.8402 time 34.97
Epoch 20 loss 0.36 acc 0.85 0.8473 time 35.58
Epoch 21 loss 0.34 acc 0.85 0.8455 time 35.40
Epoch 22 loss 0.32 acc 0.87 0.8520 time 34.34
Epoch 23 loss 0.32 acc 0.87 0.8523 time 35.75
Epoch 24 loss 0.31 acc 0.87 0.8552 time 35.26
Epoch 25 loss 0.31 acc 0.88 0.8561 time 35.27
Epoch 26 loss 0.30 acc 0.88 0.8546 time 35.19
Epoch 27 loss 0.28 acc 0.89 0.8562 time 33.94
Epoch 28 loss 0.28 acc 0.89 0.8580 time 35.10
Epoch 29 loss 0.26 acc 0.90 0.8584 time 34.50
Epoch 30 loss 0.25 acc 0.90 0.8575 time 34.57
Epoch 31 loss 0.24 acc 0.91 0.8582 time 33.12
Epoch 32 loss 0.25 acc 0.90 0.8564 time 33.27
Epoch 33 loss 0.23 acc 0.91 0.8555 time 33.51
Epoch 34 loss 0.22 acc 0.92 0.8570 time 33.43
Epoch 35 loss 0.21 acc 0.92 0.8563 time 33.23
Epoch 36 loss 0.20 acc 0.93 0.8588 time 33.32
Epoch 37 loss 0.20 acc 0.93 0.8605 time 34.51
Epoch 38 loss 0.20 acc 0.93 0.8629 time 34.19
Epoch 39 loss 0.19 acc 0.93 0.8620 time 34.39
Epoch 40 loss 0.18 acc 0.94 0.8584 time 32.82
Epoch 41 loss 0.17 acc 0.94 0.8621 time 33.33
Epoch 42 loss 0.17 acc 0.94 0.8598 time 33.19
Epoch 43 loss 0.17 acc 0.94 0.8650 time 33.28
Epoch 44 loss 0.16 acc 0.95 0.8664 time 33.92
Epoch 45 loss 0.15 acc 0.95 0.8673 time 34.06
Epoch 46 loss 0.15 acc 0.95 0.8654 time 34.07
Epoch 47 loss 0.14 acc 0.95 0.8645 time 32.97
Epoch 48 loss 0.15 acc 0.95 0.8632 time 33.28
Epoch 49 loss 0.14 acc 0.96 0.8613 time 33.15
Epoch 50 loss 0.14 acc 0.96 0.8636 time 33.53
Epoch 51 loss 0.13 acc 0.96 0.8643 time 33.02
Epoch 52 loss 0.13 acc 0.96 0.8616 time 33.00
Epoch 53 loss 0.13 acc 0.96 0.8630 time 33.22
Epoch 54 loss 0.12 acc 0.96 0.8621 time 33.13
Epoch 55 loss 0.13 acc 0.96 0.8598 time 33.01
Epoch 56 loss 0.11 acc 0.97 0.8657 time 33.07
Epoch 57 loss 0.12 acc 0.97 0.8636 time 33.10
Epoch 58 loss 0.11 acc 0.97 0.8652 time 33.21
Epoch 59 loss 0.11 acc 0.97 0.8641 time 33.01
Epoch 60 loss 0.11 acc 0.97 0.8670 time 33.16
Epoch 61 loss 0.10 acc 0.97 0.8661 time 33.35
Epoch 62 loss 0.10 acc 0.97 0.8671 time 33.10
Epoch 63 loss 0.10 acc 0.97 0.8641 time 33.02
Epoch 64 loss 0.10 acc 0.97 0.8655 time 33.31
Epoch 65 loss 0.10 acc 0.97 0.8655 time 33.37
Epoch 66 loss 0.10 acc 0.97 0.8648 time 33.31
Epoch 67 loss 0.10 acc 0.97 0.8652 time 32.99
Epoch 68 loss 0.09 acc 0.98 0.8698 time 32.88
Epoch 69 loss 0.09 acc 0.98 0.8686 time 34.04
Epoch 70 loss 0.09 acc 0.98 0.8657 time 32.93
Epoch 71 loss 0.09 acc 0.98 0.8670 time 32.88
Epoch 72 loss 0.08 acc 0.98 0.8643 time 33.08
Epoch 73 loss 0.08 acc 0.98 0.8691 time 33.15
Epoch 74 loss 0.09 acc 0.98 0.8668 time 33.32
Epoch 75 loss 0.09 acc 0.98 0.8654 time 33.34
Epoch 76 loss 0.08 acc 0.98 0.8688 time 33.14
Epoch 77 loss 0.08 acc 0.98 0.8689 time 33.14
Epoch 78 loss 0.08 acc 0.98 0.8682 time 33.04
Epoch 79 loss 0.08 acc 0.98 0.8654 time 33.23
Epoch 80 loss 0.08 acc 0.98 0.8695 time 33.36
Epoch 81 loss 0.08 acc 0.98 0.8668 time 33.35
Epoch 82 loss 0.08 acc 0.98 0.8657 time 33.11
Epoch 83 loss 0.08 acc 0.98 0.8654 time 33.16
Epoch 84 loss 0.07 acc 0.98 0.8668 time 33.29
Epoch 85 loss 0.07 acc 0.98 0.8679 time 33.29
Epoch 86 loss 0.07 acc 0.98 0.8689 time 33.23
Epoch 87 loss 0.07 acc 0.98 0.8668 time 33.11
Epoch 88 loss 0.07 acc 0.98 0.8684 time 33.45
Epoch 89 loss 0.07 acc 0.98 0.8663 time 32.97
Epoch 90 loss 0.07 acc 0.98 0.8666 time 32.99
Epoch 91 loss 0.07 acc 0.99 0.8673 time 33.13
Epoch 92 loss 0.07 acc 0.98 0.8684 time 33.28
Epoch 93 loss 0.07 acc 0.98 0.8668 time 33.09
Epoch 94 loss 0.07 acc 0.98 0.8668 time 32.89
Epoch 95 loss 0.06 acc 0.99 0.8688 time 33.05
Epoch 96 loss 0.07 acc 0.99 0.8675 time 33.00
Epoch 97 loss 0.07 acc 0.99 0.8648 time 33.05
Epoch 98 loss 0.06 acc 0.99 0.8670 time 32.90
Epoch 99 loss 0.06 acc 0.99 0.8666 time 33.29
Done training, best_epoch: 68, best_acc: 0.8698
duration: 0.95 hours


$ mtl+adv+diff

Epoch 0 loss 4.13 acc 0.52 0.6127 time 57.65
Epoch 1 loss 5.89 acc 0.56 0.7193 time 58.41
Epoch 2 loss 5.12 acc 0.62 0.7805 time 56.56
Epoch 3 loss 5.56 acc 0.69 0.8068 time 56.68
Epoch 4 loss 7.30 acc 0.73 0.8284 time 56.60
Epoch 5 loss 9.59 acc 0.76 0.8388 time 56.48
Epoch 6 loss 11.90 acc 0.77 0.8398 time 56.42
Epoch 7 loss 14.73 acc 0.79 0.8443 time 56.39
Epoch 8 loss 17.23 acc 0.80 0.8470 time 55.93
Epoch 9 loss 17.97 acc 0.81 0.8530 time 56.05
Epoch 10 loss 18.08 acc 0.82 0.8580 time 56.31
Epoch 11 loss 18.16 acc 0.84 0.8607 time 55.91
Epoch 12 loss 18.08 acc 0.84 0.8639 time 55.91
Epoch 13 loss 17.83 acc 0.85 0.8634 time 55.72
Epoch 14 loss 17.19 acc 0.85 0.8611 time 54.57
Epoch 15 loss 16.34 acc 0.86 0.8618 time 54.03
Epoch 16 loss 15.51 acc 0.86 0.8657 time 53.95
Epoch 17 loss 14.63 acc 0.87 0.8670 time 55.17
Epoch 18 loss 13.72 acc 0.87 0.8657 time 54.91
Epoch 19 loss 12.70 acc 0.88 0.8721 time 53.90
Epoch 20 loss 11.72 acc 0.88 0.8707 time 54.91
Epoch 21 loss 10.75 acc 0.88 0.8721 time 53.70
Epoch 22 loss 10.24 acc 0.88 0.8738 time 53.72
Epoch 23 loss 9.43 acc 0.89 0.8730 time 55.27
Epoch 24 loss 8.42 acc 0.89 0.8798 time 53.96
Epoch 25 loss 9.02 acc 0.89 0.8702 time 54.89
Epoch 26 loss 10.84 acc 0.89 0.8761 time 53.78
Epoch 27 loss 12.89 acc 0.89 0.8729 time 53.66
Epoch 28 loss 15.38 acc 0.90 0.8736 time 53.78
Epoch 29 loss 17.92 acc 0.90 0.8762 time 53.45
Epoch 30 loss 20.49 acc 0.90 0.8746 time 53.68
Epoch 31 loss 23.38 acc 0.91 0.8754 time 53.59
Epoch 32 loss 27.27 acc 0.91 0.8680 time 53.83
Epoch 33 loss 31.74 acc 0.91 0.8759 time 53.72
Epoch 34 loss 36.09 acc 0.91 0.8727 time 54.03
Epoch 35 loss 40.18 acc 0.91 0.8764 time 54.08
Epoch 36 loss 44.47 acc 0.92 0.8761 time 53.77
Epoch 37 loss 48.80 acc 0.92 0.8770 time 53.53
Epoch 38 loss 53.13 acc 0.92 0.8755 time 53.75
Epoch 39 loss 57.30 acc 0.92 0.8761 time 53.47
Epoch 40 loss 61.27 acc 0.92 0.8802 time 53.60
Epoch 41 loss 65.06 acc 0.93 0.8788 time 55.10
Epoch 42 loss 68.59 acc 0.93 0.8770 time 53.68
Epoch 43 loss 71.84 acc 0.93 0.8766 time 53.54
Epoch 44 loss 74.91 acc 0.94 0.8775 time 53.45
Epoch 45 loss 77.83 acc 0.94 0.8761 time 53.52
Epoch 46 loss 80.40 acc 0.94 0.8746 time 53.52
Epoch 47 loss 82.57 acc 0.94 0.8795 time 53.68
Epoch 48 loss 84.65 acc 0.94 0.8775 time 53.58
Epoch 49 loss 86.75 acc 0.95 0.8793 time 53.84
Epoch 50 loss 88.93 acc 0.95 0.8793 time 53.46
Epoch 51 loss 90.96 acc 0.95 0.8789 time 53.39
Epoch 52 loss 92.46 acc 0.95 0.8739 time 53.55
Epoch 53 loss 93.33 acc 0.95 0.8761 time 53.28
Epoch 54 loss 93.47 acc 0.95 0.8779 time 53.61
Epoch 55 loss 93.02 acc 0.96 0.8780 time 53.44
Epoch 56 loss 92.02 acc 0.95 0.8777 time 53.44
Epoch 57 loss 90.62 acc 0.96 0.8823 time 53.41
Epoch 58 loss 88.82 acc 0.96 0.8818 time 54.67
Epoch 59 loss 86.72 acc 0.96 0.8768 time 53.85
Epoch 60 loss 84.45 acc 0.96 0.8786 time 53.72
Epoch 61 loss 82.02 acc 0.96 0.8802 time 53.73
Epoch 62 loss 79.69 acc 0.96 0.8823 time 53.57
Epoch 63 loss 77.54 acc 0.97 0.8802 time 53.68
Epoch 64 loss 75.23 acc 0.97 0.8786 time 53.55
Epoch 65 loss 72.47 acc 0.97 0.8788 time 53.52
Epoch 66 loss 69.24 acc 0.97 0.8845 time 53.57
Epoch 67 loss 65.95 acc 0.97 0.8793 time 54.87
Epoch 68 loss 62.50 acc 0.97 0.8779 time 53.36
Epoch 69 loss 58.77 acc 0.97 0.8802 time 53.39
Epoch 70 loss 55.15 acc 0.97 0.8818 time 53.37
Epoch 71 loss 52.27 acc 0.97 0.8800 time 53.13
Epoch 72 loss 49.32 acc 0.97 0.8787 time 52.06
Epoch 73 loss 45.98 acc 0.97 0.8812 time 52.15
Epoch 74 loss 42.58 acc 0.97 0.8825 time 53.96
Epoch 75 loss 39.55 acc 0.97 0.8755 time 54.58
Epoch 76 loss 37.24 acc 0.97 0.8854 time 54.58
Epoch 77 loss 35.42 acc 0.97 0.8779 time 56.34
Epoch 78 loss 33.82 acc 0.97 0.8784 time 54.94
Epoch 79 loss 32.28 acc 0.97 0.8796 time 55.24
Epoch 80 loss 30.21 acc 0.98 0.8800 time 55.17
Epoch 81 loss 28.01 acc 0.98 0.8789 time 55.44
Epoch 82 loss 26.06 acc 0.98 0.8825 time 55.32
Epoch 83 loss 23.84 acc 0.98 0.8816 time 55.66
Epoch 84 loss 21.51 acc 0.98 0.8802 time 55.49
Epoch 85 loss 19.24 acc 0.98 0.8773 time 55.57
Epoch 86 loss 17.19 acc 0.98 0.8754 time 55.23
Epoch 87 loss 15.45 acc 0.98 0.8786 time 55.60
Epoch 88 loss 14.09 acc 0.98 0.8791 time 55.61
Epoch 89 loss 13.07 acc 0.98 0.8784 time 55.42
Epoch 90 loss 12.31 acc 0.98 0.8771 time 55.56
Epoch 91 loss 11.77 acc 0.98 0.8786 time 55.07
Epoch 92 loss 11.40 acc 0.98 0.8784 time 54.82
Epoch 93 loss 11.02 acc 0.98 0.8771 time 54.62
Epoch 94 loss 10.42 acc 0.98 0.8807 time 54.67
Epoch 95 loss 9.55 acc 0.98 0.8807 time 54.38
Epoch 96 loss 8.52 acc 0.98 0.8816 time 54.06
Epoch 97 loss 7.42 acc 0.98 0.8800 time 53.76
Epoch 98 loss 6.63 acc 0.98 0.8816 time 53.79
Epoch 99 loss 6.48 acc 0.98 0.8818 time 53.68
Done training, best_epoch: 76, best_acc: 0.8854
duration: 1.51 hours
