$ cnn 300

Epoch 0 sem 2.68 0.18 0.3446 time 8.99
Epoch 1 sem 2.15 0.34 0.4879 time 4.29
Epoch 2 sem 1.72 0.47 0.5979 time 2.28
Epoch 3 sem 1.42 0.55 0.6521 time 4.55
Epoch 4 sem 1.24 0.61 0.6929 time 2.42
Epoch 5 sem 1.12 0.64 0.7114 time 3.33
Epoch 6 sem 1.02 0.68 0.7264 time 3.50
Epoch 7 sem 0.95 0.69 0.7429 time 4.17
Epoch 8 sem 0.90 0.71 0.7457 time 3.03
Epoch 9 sem 0.86 0.72 0.7589 time 2.68
Epoch 10 sem 0.81 0.74 0.7575 time 4.94
Epoch 11 sem 0.77 0.75 0.7693 time 1.85
Epoch 12 sem 0.73 0.76 0.7711 time 4.20
Epoch 13 sem 0.71 0.77 0.7754 time 4.14
Epoch 14 sem 0.68 0.78 0.7814 time 2.68
Epoch 15 sem 0.67 0.78 0.7868 time 3.25
Epoch 16 sem 0.64 0.79 0.7750 time 3.65
Epoch 17 sem 0.61 0.80 0.7804 time 1.70
Epoch 18 sem 0.59 0.81 0.7832 time 1.84
Epoch 19 sem 0.59 0.80 0.7871 time 1.85
Epoch 20 sem 0.56 0.82 0.7829 time 3.71
Epoch 21 sem 0.53 0.82 0.7875 time 1.79
Epoch 22 sem 0.52 0.83 0.7879 time 4.31
Epoch 23 sem 0.52 0.83 0.7904 time 3.47
Epoch 24 sem 0.51 0.83 0.7918 time 3.04
Epoch 25 sem 0.50 0.83 0.7900 time 3.54
Epoch 26 sem 0.47 0.84 0.7943 time 1.95
Epoch 27 sem 0.47 0.84 0.7921 time 4.56
Epoch 28 sem 0.47 0.85 0.7904 time 1.89
Epoch 29 sem 0.44 0.86 0.7914 time 1.86
Epoch 30 sem 0.44 0.85 0.7943 time 1.93
Epoch 31 sem 0.43 0.85 0.7875 time 1.86
Epoch 32 sem 0.41 0.86 0.7921 time 1.89
Epoch 33 sem 0.42 0.86 0.7954 time 2.08
Epoch 34 sem 0.40 0.87 0.7925 time 4.95
Epoch 35 sem 0.39 0.87 0.7946 time 1.95
Epoch 36 sem 0.38 0.87 0.7943 time 1.93
Epoch 37 sem 0.38 0.87 0.7932 time 2.03
Epoch 38 sem 0.38 0.88 0.7893 time 2.00
Epoch 39 sem 0.36 0.88 0.7936 time 1.86
Epoch 40 sem 0.36 0.88 0.7939 time 2.03
Epoch 41 sem 0.35 0.88 0.7921 time 1.87
Epoch 42 sem 0.34 0.88 0.7875 time 1.87
Epoch 43 sem 0.34 0.88 0.7939 time 2.03
Epoch 44 sem 0.35 0.89 0.7936 time 1.92
Epoch 45 sem 0.33 0.89 0.7936 time 2.14
Epoch 46 sem 0.34 0.88 0.7950 time 2.10
Epoch 47 sem 0.32 0.89 0.7929 time 1.81
Epoch 48 sem 0.33 0.89 0.7861 time 2.06
Epoch 49 sem 0.32 0.89 0.7936 time 1.90
Epoch 50 sem 0.31 0.89 0.7904 time 1.87
Epoch 51 sem 0.30 0.90 0.7936 time 2.06
Epoch 52 sem 0.30 0.90 0.7893 time 1.92
Epoch 53 sem 0.29 0.90 0.7854 time 1.98
Epoch 54 sem 0.31 0.90 0.7886 time 1.90
Epoch 55 sem 0.29 0.90 0.7932 time 1.81

f1 83.71 acc 79.50

* cnn only: acc 7954
* cnn + l2 : 7961
* cnn, no l2, eps 1e-2 : 7982
* cnn, no l2, eps 1e-3 : 8000
* cnn, no l2, eps 1e-4 : 

$ loss + loss_adv + loss_vadv

Epoch 0 sem 5.54 0.18 0.3339 time 12.96
Epoch 1 sem 4.32 0.36 0.5300 time 5.17
Epoch 2 sem 3.44 0.51 0.6311 time 4.01
Epoch 3 sem 2.89 0.58 0.6671 time 4.03
Epoch 4 sem 2.57 0.63 0.6954 time 4.62
Epoch 5 sem 2.32 0.67 0.7218 time 4.30
Epoch 6 sem 2.16 0.70 0.7311 time 4.70
Epoch 7 sem 2.03 0.71 0.7461 time 4.78
Epoch 8 sem 1.91 0.73 0.7625 time 4.85
Epoch 9 sem 1.81 0.75 0.7679 time 4.18
Epoch 10 sem 1.73 0.76 0.7754 time 4.41
Epoch 11 sem 1.68 0.77 0.7775 time 3.79
Epoch 12 sem 1.58 0.79 0.7786 time 4.16
Epoch 13 sem 1.54 0.79 0.7836 time 4.57
Epoch 14 sem 1.50 0.80 0.7861 time 4.24
Epoch 15 sem 1.43 0.81 0.7829 time 4.00
Epoch 16 sem 1.40 0.82 0.7875 time 3.15
Epoch 17 sem 1.36 0.82 0.7868 time 4.75
Epoch 18 sem 1.32 0.83 0.7886 time 3.12
Epoch 19 sem 1.30 0.84 0.7929 time 4.40
Epoch 20 sem 1.27 0.84 0.7911 time 5.27
Epoch 21 sem 1.24 0.84 0.7914 time 3.20
Epoch 22 sem 1.23 0.85 0.7911 time 3.04
Epoch 23 sem 1.18 0.85 0.7921 time 3.93
Epoch 24 sem 1.16 0.86 0.7921 time 3.70
Epoch 25 sem 1.13 0.86 0.7921 time 3.30
Epoch 26 sem 1.12 0.86 0.7914 time 3.44
Epoch 27 sem 1.08 0.87 0.7957 time 3.58
Epoch 28 sem 1.07 0.87 0.7968 time 4.92
Epoch 29 sem 1.06 0.88 0.7986 time 5.01
Epoch 30 sem 1.02 0.89 0.7979 time 5.80
Epoch 31 sem 1.03 0.88 0.7982 time 3.06
Epoch 32 sem 1.00 0.89 0.7975 time 3.13
Epoch 33 sem 1.00 0.88 0.8000 time 3.23
Epoch 34 sem 0.98 0.89 0.8000 time 6.16
Epoch 35 sem 0.98 0.89 0.7950 time 3.09
Epoch 36 sem 0.94 0.90 0.7975 time 3.14
Epoch 37 sem 0.95 0.90 0.7968 time 3.20
Epoch 38 sem 0.94 0.89 0.7989 time 3.21
Epoch 39 sem 0.92 0.90 0.7971 time 3.21
Epoch 40 sem 0.91 0.90 0.7964 time 3.28
Epoch 41 sem 0.90 0.91 0.7979 time 3.22
Epoch 42 sem 0.89 0.91 0.7979 time 3.22
Epoch 43 sem 0.87 0.91 0.7979 time 3.20
Epoch 44 sem 0.85 0.91 0.7939 time 3.24
Epoch 45 sem 0.84 0.91 0.7971 time 3.16
Epoch 46 sem 0.86 0.91 0.7968 time 3.25
Epoch 47 sem 0.84 0.92 0.7954 time 3.23
Epoch 48 sem 0.84 0.91 0.7979 time 3.12
Epoch 49 sem 0.83 0.92 0.7975 time 3.16
Done training, best_epoch: 33, best_acc: 0.8000
duration: 0.06 hours

acc 0.8000 f1 84.11
acc 0.8021 f1 84.26

with focal loss, acc: 0.7893
with residual net : 0.7886

<<< (2*9+1)-WAY EVALUATION (USING DIRECTIONALITY)>>>:

Confusion matrix:
        C-E1 C-E2 C-W1 C-W2 C-C1 C-C2 E-D1 E-D2 E-O1 E-O2 I-A1 I-A2 M-C1 M-C2 M-T1 M-T2 P-P1 P-P2  _O_ <-- classified as
      +-----------------------------------------------------------------------------------------------+ -SUM- skip ACTUAL
 C-E1 | 125    2    0    1    0    0    0    0    0    1    0    0    0    0    2    0    0    0    3 |  134    0  134
 C-E2 |   0  177    0    0    0    0    0    0    8    0    0    0    0    0    0    0    4    0    5 |  194    0  194
 C-W1 |   0    0  139    2    4    1    1    0    0    0    1    1    1    3    1    1    1    0    6 |  162    0  162
 C-W2 |   0    0    3  113    0    1    2    0    1    0    0    5    0    6    3    0    0    3   13 |  150    0  150
 C-C1 |   0    0    1    0  142    0    8    0    0    0    0    0    0    0    0    0    0    0    2 |  153    0  153
 C-C2 |   0    0    0    1    1   31    0    0    0    1    0    0    0    1    1    0    0    0    3 |   39    0   39
 E-D1 |   0    0    1    0    8    0  272    0    1    0    0    1    0    0    1    0    0    0    7 |  291    0  291
 E-D2 |   0    0    0    0    1    0    0    0    0    0    0    0    0    0    0    0    0    0    0 |    1    0    1
 E-O1 |   0    2    1    0    0    0    2    0  196    0    0    1    0    0    1    0    2    0    6 |  211    0  211
 E-O2 |   1    0    0    0    0    0    0    0    0   40    0    2    0    0    0    0    0    3    1 |   47    0   47
 I-A1 |   0    0    0    0    0    0    0    0    0    0   16    0    0    0    0    0    2    0    4 |   22    0   22
 I-A2 |   0    0    0    4    0    0    3    0    0    0    0  102    0    0    1    0    1    4   19 |  134    0  134
 M-C1 |   0    0    0    0    0    0    1    0    2    0    0    1   24    1    0    1    0    0    2 |   32    0   32
 M-C2 |   0    0    0    6    0    0    0    0    0    0    0    0    0  188    0    0    0    1    6 |  201    0  201
 M-T1 |   0    0    0    0    0    0    0    0    2    0    0    0    0    1  200    1    0    0    6 |  210    0  210
 M-T2 |   0    1    0    0    0    0    0    0    1    0    0    0    0    0    3   45    0    0    1 |   51    0   51
 P-P1 |   0    5    0    0    0    0    0    0    7    0    1    0    0    0    1    0   88    2    4 |  108    0  108
 P-P2 |   0    0    0    2    1    0    1    0    1    0    0    8    1    1    1    1    0   99    7 |  123    0  123
  _O_ |   7   12   13   18   20    2   38    0   28    3    6   18   15   31   35    5   12   14  177 |  454    0  454
      +-----------------------------------------------------------------------------------------------+
 -SUM-  133  199  158  147  177   35  328    0  247   45   24  139   41  232  250   54  110  126  272   2717    0 2717

Coverage = 2717/2717 = 100.00%
Accuracy (calculated for the above confusion matrix) = 2174/2717 = 80.01%
Accuracy (considering all skipped examples as Wrong) = 2174/2717 = 80.01%
Accuracy (considering all skipped examples as Other) = 2174/2717 = 80.01%

Results for the individual relations:
      Cause-Effect(e1,e2) :    P =  125/ 133 =  93.98%     R =  125/ 134 =  93.28%     F1 =  93.63%
      Cause-Effect(e2,e1) :    P =  177/ 199 =  88.94%     R =  177/ 194 =  91.24%     F1 =  90.08%
   Component-Whole(e1,e2) :    P =  139/ 158 =  87.97%     R =  139/ 162 =  85.80%     F1 =  86.88%
   Component-Whole(e2,e1) :    P =  113/ 147 =  76.87%     R =  113/ 150 =  75.33%     F1 =  76.09%
 Content-Container(e1,e2) :    P =  142/ 177 =  80.23%     R =  142/ 153 =  92.81%     F1 =  86.06%
 Content-Container(e2,e1) :    P =   31/  35 =  88.57%     R =   31/  39 =  79.49%     F1 =  83.78%
Entity-Destination(e1,e2) :    P =  272/ 328 =  82.93%     R =  272/ 291 =  93.47%     F1 =  87.88%
Entity-Destination(e2,e1) :    P =    0/   0 =   0.00%     R =    0/   1 =   0.00%     F1 =   0.00%
     Entity-Origin(e1,e2) :    P =  196/ 247 =  79.35%     R =  196/ 211 =  92.89%     F1 =  85.59%
     Entity-Origin(e2,e1) :    P =   40/  45 =  88.89%     R =   40/  47 =  85.11%     F1 =  86.96%
 Instrument-Agency(e1,e2) :    P =   16/  24 =  66.67%     R =   16/  22 =  72.73%     F1 =  69.57%
 Instrument-Agency(e2,e1) :    P =  102/ 139 =  73.38%     R =  102/ 134 =  76.12%     F1 =  74.73%
 Member-Collection(e1,e2) :    P =   24/  41 =  58.54%     R =   24/  32 =  75.00%     F1 =  65.75%
 Member-Collection(e2,e1) :    P =  188/ 232 =  81.03%     R =  188/ 201 =  93.53%     F1 =  86.84%
     Message-Topic(e1,e2) :    P =  200/ 250 =  80.00%     R =  200/ 210 =  95.24%     F1 =  86.96%
     Message-Topic(e2,e1) :    P =   45/  54 =  83.33%     R =   45/  51 =  88.24%     F1 =  85.71%
  Product-Producer(e1,e2) :    P =   88/ 110 =  80.00%     R =   88/ 108 =  81.48%     F1 =  80.73%
  Product-Producer(e2,e1) :    P =   99/ 126 =  78.57%     R =   99/ 123 =  80.49%     F1 =  79.52%
                   _Other :    P =  177/ 272 =  65.07%     R =  177/ 454 =  38.99%     F1 =  48.76%

Micro-averaged result (excluding Other):
P = 1997/2445 =  81.68%     R = 1997/2263 =  88.25%     F1 =  84.83%

MACRO-averaged result (excluding Other):
P =  76.07%	R =  80.68%	F1 =  78.15%



<<< (9+1)-WAY EVALUATION IGNORING DIRECTIONALITY >>>:

Confusion matrix:
         C-E  C-W  C-C  E-D  E-O  I-A  M-C  M-T  P-P  _O_ <-- classified as
      +--------------------------------------------------+ -SUM- skip ACTUAL
  C-E | 304    1    0    0    9    0    0    2    4    8 |  328    0  328
  C-W |   0  257    6    3    1    7   10    5    4   19 |  312    0  312
  C-C |   0    2  174    8    1    0    1    1    0    5 |  192    0  192
  E-D |   0    1    9  272    1    1    0    1    0    7 |  292    0  292
  E-O |   3    1    0    2  236    3    0    1    5    7 |  258    0  258
  I-A |   0    4    0    3    0  118    0    1    7   23 |  156    0  156
  M-C |   0    6    0    1    2    1  213    1    1    8 |  233    0  233
  M-T |   1    0    0    0    3    0    1  249    0    7 |  261    0  261
  P-P |   5    2    1    1    8    9    2    3  189   11 |  231    0  231
  _O_ |  19   31   22   38   31   24   46   40   26  177 |  454    0  454
      +--------------------------------------------------+
 -SUM-  332  305  212  328  292  163  273  304  236  272   2717    0 2717

Coverage = 2717/2717 = 100.00%
Accuracy (calculated for the above confusion matrix) = 2189/2717 = 80.57%
Accuracy (considering all skipped examples as Wrong) = 2189/2717 = 80.57%
Accuracy (considering all skipped examples as Other) = 2189/2717 = 80.57%

Results for the individual relations:
             Cause-Effect :    P =  304/ 332 =  91.57%     R =  304/ 328 =  92.68%     F1 =  92.12%
          Component-Whole :    P =  257/ 305 =  84.26%     R =  257/ 312 =  82.37%     F1 =  83.31%
        Content-Container :    P =  174/ 212 =  82.08%     R =  174/ 192 =  90.62%     F1 =  86.14%
       Entity-Destination :    P =  272/ 328 =  82.93%     R =  272/ 292 =  93.15%     F1 =  87.74%
            Entity-Origin :    P =  236/ 292 =  80.82%     R =  236/ 258 =  91.47%     F1 =  85.82%
        Instrument-Agency :    P =  118/ 163 =  72.39%     R =  118/ 156 =  75.64%     F1 =  73.98%
        Member-Collection :    P =  213/ 273 =  78.02%     R =  213/ 233 =  91.42%     F1 =  84.19%
            Message-Topic :    P =  249/ 304 =  81.91%     R =  249/ 261 =  95.40%     F1 =  88.14%
         Product-Producer :    P =  189/ 236 =  80.08%     R =  189/ 231 =  81.82%     F1 =  80.94%
                   _Other :    P =  177/ 272 =  65.07%     R =  177/ 454 =  38.99%     F1 =  48.76%

Micro-averaged result (excluding Other):
P = 2012/2445 =  82.29%     R = 2012/2263 =  88.91%     F1 =  85.47%

MACRO-averaged result (excluding Other):
P =  81.56%	R =  88.29%	F1 =  84.71%



<<< (9+1)-WAY EVALUATION TAKING DIRECTIONALITY INTO ACCOUNT -- OFFICIAL >>>:

Confusion matrix:
         C-E  C-W  C-C  E-D  E-O  I-A  M-C  M-T  P-P  _O_ <-- classified as
      +--------------------------------------------------+ -SUM- xDIRx skip  ACTUAL
  C-E | 302    1    0    0    9    0    0    2    4    8 |  326     2     0    328
  C-W |   0  252    6    3    1    7   10    5    4   19 |  307     5     0    312
  C-C |   0    2  173    8    1    0    1    1    0    5 |  191     1     0    192
  E-D |   0    1    9  272    1    1    0    1    0    7 |  292     0     0    292
  E-O |   3    1    0    2  236    3    0    1    5    7 |  258     0     0    258
  I-A |   0    4    0    3    0  118    0    1    7   23 |  156     0     0    156
  M-C |   0    6    0    1    2    1  212    1    1    8 |  232     1     0    233
  M-T |   1    0    0    0    3    0    1  245    0    7 |  257     4     0    261
  P-P |   5    2    1    1    8    9    2    3  187   11 |  229     2     0    231
  _O_ |  19   31   22   38   31   24   46   40   26  177 |  454     0     0    454
      +--------------------------------------------------+
 -SUM-  330  300  211  328  292  163  272  300  234  272   2702    15     0   2717

Coverage = 2717/2717 = 100.00%
Accuracy (calculated for the above confusion matrix) = 2174/2717 = 80.01%
Accuracy (considering all skipped examples as Wrong) = 2174/2717 = 80.01%
Accuracy (considering all skipped examples as Other) = 2174/2717 = 80.01%

Results for the individual relations:
             Cause-Effect :    P =  302/( 330 +   2) =  90.96%     R =  302/ 328 =  92.07%     F1 =  91.52%
          Component-Whole :    P =  252/( 300 +   5) =  82.62%     R =  252/ 312 =  80.77%     F1 =  81.69%
        Content-Container :    P =  173/( 211 +   1) =  81.60%     R =  173/ 192 =  90.10%     F1 =  85.64%
       Entity-Destination :    P =  272/( 328 +   0) =  82.93%     R =  272/ 292 =  93.15%     F1 =  87.74%
            Entity-Origin :    P =  236/( 292 +   0) =  80.82%     R =  236/ 258 =  91.47%     F1 =  85.82%
        Instrument-Agency :    P =  118/( 163 +   0) =  72.39%     R =  118/ 156 =  75.64%     F1 =  73.98%
        Member-Collection :    P =  212/( 272 +   1) =  77.66%     R =  212/ 233 =  90.99%     F1 =  83.79%
            Message-Topic :    P =  245/( 300 +   4) =  80.59%     R =  245/ 261 =  93.87%     F1 =  86.73%
         Product-Producer :    P =  187/( 234 +   2) =  79.24%     R =  187/ 231 =  80.95%     F1 =  80.09%
                   _Other :    P =  177/( 272 +   0) =  65.07%     R =  177/ 454 =  38.99%     F1 =  48.76%

Micro-averaged result (excluding Other):
P = 1997/2445 =  81.68%     R = 1997/2263 =  88.25%     F1 =  84.83%

MACRO-averaged result (excluding Other):
P =  80.98%	R =  87.67%	F1 =  84.11%



<<< The official score is (9+1)-way evaluation with directionality taken 
into account: macro-averaged F1 = 84.11% >>>

