$ cnn 300

Epoch 0 sem 2.68 0.18 0.3446 time 8.99
Epoch 1 sem 2.15 0.34 0.4879 time 4.29
Epoch 2 sem 1.72 0.47 0.5979 time 2.28
Epoch 3 sem 1.42 0.55 0.6521 time 4.55
Epoch 4 sem 1.24 0.61 0.6929 time 2.42
Epoch 5 sem 1.12 0.64 0.7114 time 3.33
Epoch 6 sem 1.02 0.68 0.7264 time 3.50
Epoch 7 sem 0.95 0.69 0.7429 time 4.17
Epoch 8 sem 0.90 0.71 0.7457 time 3.03
Epoch 9 sem 0.86 0.72 0.7589 time 2.68
Epoch 10 sem 0.81 0.74 0.7575 time 4.94
Epoch 11 sem 0.77 0.75 0.7693 time 1.85
Epoch 12 sem 0.73 0.76 0.7711 time 4.20
Epoch 13 sem 0.71 0.77 0.7754 time 4.14
Epoch 14 sem 0.68 0.78 0.7814 time 2.68
Epoch 15 sem 0.67 0.78 0.7868 time 3.25
Epoch 16 sem 0.64 0.79 0.7750 time 3.65
Epoch 17 sem 0.61 0.80 0.7804 time 1.70
Epoch 18 sem 0.59 0.81 0.7832 time 1.84
Epoch 19 sem 0.59 0.80 0.7871 time 1.85
Epoch 20 sem 0.56 0.82 0.7829 time 3.71
Epoch 21 sem 0.53 0.82 0.7875 time 1.79
Epoch 22 sem 0.52 0.83 0.7879 time 4.31
Epoch 23 sem 0.52 0.83 0.7904 time 3.47
Epoch 24 sem 0.51 0.83 0.7918 time 3.04
Epoch 25 sem 0.50 0.83 0.7900 time 3.54
Epoch 26 sem 0.47 0.84 0.7943 time 1.95
Epoch 27 sem 0.47 0.84 0.7921 time 4.56
Epoch 28 sem 0.47 0.85 0.7904 time 1.89
Epoch 29 sem 0.44 0.86 0.7914 time 1.86
Epoch 30 sem 0.44 0.85 0.7943 time 1.93
Epoch 31 sem 0.43 0.85 0.7875 time 1.86
Epoch 32 sem 0.41 0.86 0.7921 time 1.89
Epoch 33 sem 0.42 0.86 0.7954 time 2.08
Epoch 34 sem 0.40 0.87 0.7925 time 4.95
Epoch 35 sem 0.39 0.87 0.7946 time 1.95
Epoch 36 sem 0.38 0.87 0.7943 time 1.93
Epoch 37 sem 0.38 0.87 0.7932 time 2.03
Epoch 38 sem 0.38 0.88 0.7893 time 2.00
Epoch 39 sem 0.36 0.88 0.7936 time 1.86
Epoch 40 sem 0.36 0.88 0.7939 time 2.03
Epoch 41 sem 0.35 0.88 0.7921 time 1.87
Epoch 42 sem 0.34 0.88 0.7875 time 1.87
Epoch 43 sem 0.34 0.88 0.7939 time 2.03
Epoch 44 sem 0.35 0.89 0.7936 time 1.92
Epoch 45 sem 0.33 0.89 0.7936 time 2.14
Epoch 46 sem 0.34 0.88 0.7950 time 2.10
Epoch 47 sem 0.32 0.89 0.7929 time 1.81
Epoch 48 sem 0.33 0.89 0.7861 time 2.06
Epoch 49 sem 0.32 0.89 0.7936 time 1.90
Epoch 50 sem 0.31 0.89 0.7904 time 1.87
Epoch 51 sem 0.30 0.90 0.7936 time 2.06
Epoch 52 sem 0.30 0.90 0.7893 time 1.92
Epoch 53 sem 0.29 0.90 0.7854 time 1.98
Epoch 54 sem 0.31 0.90 0.7886 time 1.90
Epoch 55 sem 0.29 0.90 0.7932 time 1.81

f1 83.71 acc 79.50

* cnn only: acc 7954
* cnn + l2 : 7961
* cnn, no l2, eps 1e-2 : 7982
* cnn, no l2, eps 1e-3 : 8000
* cnn, no l2, eps 1e-4 : 

$ loss + loss_adv + loss_vadv

Epoch 0 sem 5.54 0.18 0.3339 time 12.96
Epoch 1 sem 4.32 0.36 0.5300 time 5.17
Epoch 2 sem 3.44 0.51 0.6311 time 4.01
Epoch 3 sem 2.89 0.58 0.6671 time 4.03
Epoch 4 sem 2.57 0.63 0.6954 time 4.62
Epoch 5 sem 2.32 0.67 0.7218 time 4.30
Epoch 6 sem 2.16 0.70 0.7311 time 4.70
Epoch 7 sem 2.03 0.71 0.7461 time 4.78
Epoch 8 sem 1.91 0.73 0.7625 time 4.85
Epoch 9 sem 1.81 0.75 0.7679 time 4.18
Epoch 10 sem 1.73 0.76 0.7754 time 4.41
Epoch 11 sem 1.68 0.77 0.7775 time 3.79
Epoch 12 sem 1.58 0.79 0.7786 time 4.16
Epoch 13 sem 1.54 0.79 0.7836 time 4.57
Epoch 14 sem 1.50 0.80 0.7861 time 4.24
Epoch 15 sem 1.43 0.81 0.7829 time 4.00
Epoch 16 sem 1.40 0.82 0.7875 time 3.15
Epoch 17 sem 1.36 0.82 0.7868 time 4.75
Epoch 18 sem 1.32 0.83 0.7886 time 3.12
Epoch 19 sem 1.30 0.84 0.7929 time 4.40
Epoch 20 sem 1.27 0.84 0.7911 time 5.27
Epoch 21 sem 1.24 0.84 0.7914 time 3.20
Epoch 22 sem 1.23 0.85 0.7911 time 3.04
Epoch 23 sem 1.18 0.85 0.7921 time 3.93
Epoch 24 sem 1.16 0.86 0.7921 time 3.70
Epoch 25 sem 1.13 0.86 0.7921 time 3.30
Epoch 26 sem 1.12 0.86 0.7914 time 3.44
Epoch 27 sem 1.08 0.87 0.7957 time 3.58
Epoch 28 sem 1.07 0.87 0.7968 time 4.92
Epoch 29 sem 1.06 0.88 0.7986 time 5.01
Epoch 30 sem 1.02 0.89 0.7979 time 5.80
Epoch 31 sem 1.03 0.88 0.7982 time 3.06
Epoch 32 sem 1.00 0.89 0.7975 time 3.13
Epoch 33 sem 1.00 0.88 0.8000 time 3.23
Epoch 34 sem 0.98 0.89 0.8000 time 6.16
Epoch 35 sem 0.98 0.89 0.7950 time 3.09
Epoch 36 sem 0.94 0.90 0.7975 time 3.14
Epoch 37 sem 0.95 0.90 0.7968 time 3.20
Epoch 38 sem 0.94 0.89 0.7989 time 3.21
Epoch 39 sem 0.92 0.90 0.7971 time 3.21
Epoch 40 sem 0.91 0.90 0.7964 time 3.28
Epoch 41 sem 0.90 0.91 0.7979 time 3.22
Epoch 42 sem 0.89 0.91 0.7979 time 3.22
Epoch 43 sem 0.87 0.91 0.7979 time 3.20
Epoch 44 sem 0.85 0.91 0.7939 time 3.24
Epoch 45 sem 0.84 0.91 0.7971 time 3.16
Epoch 46 sem 0.86 0.91 0.7968 time 3.25
Epoch 47 sem 0.84 0.92 0.7954 time 3.23
Epoch 48 sem 0.84 0.91 0.7979 time 3.12
Epoch 49 sem 0.83 0.92 0.7975 time 3.16
Done training, best_epoch: 33, best_acc: 0.8000
duration: 0.06 hours

acc 0.8000 f1 84.11
acc 0.8021 f1 84.26

with focal loss, acc: 0.7893
with residual net : 0.7886


$ att + loss + loss_adv  + 0.001*l2_loss

* eps = 1e-3 acc 0.8045
* eps = 1e-2 acc 0.8098
* eps = 1e-1 acc 0.8113
* eps = 1    acc 0.8066

Epoch 0 sem 4.98 0.23 0.4126 time 19.41
Epoch 1 sem 3.61 0.43 0.5728 time 16.15
Epoch 2 sem 2.71 0.56 0.6645 time 15.01
Epoch 3 sem 2.24 0.64 0.7078 time 15.07
Epoch 4 sem 1.97 0.68 0.7324 time 15.85
Epoch 5 sem 1.75 0.71 0.7470 time 15.68
Epoch 6 sem 1.59 0.74 0.7684 time 16.02
Epoch 7 sem 1.47 0.76 0.7759 time 15.49
Epoch 8 sem 1.35 0.78 0.7849 time 15.16
Epoch 9 sem 1.26 0.79 0.7813 time 15.67
Epoch 10 sem 1.21 0.80 0.7799 time 14.43
Epoch 11 sem 1.12 0.81 0.7849 time 14.27
Epoch 12 sem 1.06 0.82 0.7924 time 15.08
Epoch 13 sem 1.01 0.83 0.7931 time 14.90
Epoch 14 sem 0.97 0.84 0.7984 time 15.35
Epoch 15 sem 0.91 0.85 0.7920 time 14.81
Epoch 16 sem 0.88 0.86 0.7956 time 14.08
Epoch 17 sem 0.84 0.86 0.7945 time 14.27
Epoch 18 sem 0.79 0.87 0.7967 time 14.22
Epoch 19 sem 0.76 0.88 0.7952 time 14.44
Epoch 20 sem 0.73 0.88 0.7949 time 14.62
Epoch 21 sem 0.70 0.89 0.7949 time 14.00
Epoch 22 sem 0.67 0.89 0.7974 time 14.53
Epoch 23 sem 0.65 0.90 0.7945 time 14.19
Epoch 24 sem 0.62 0.90 0.7960 time 13.63
Epoch 25 sem 0.60 0.90 0.7985 time 14.21
Epoch 26 sem 0.59 0.91 0.8024 time 15.31
Epoch 27 sem 0.57 0.91 0.8031 time 14.92
Epoch 28 sem 0.53 0.92 0.7981 time 14.83
Epoch 29 sem 0.53 0.92 0.7977 time 14.31
Epoch 30 sem 0.53 0.92 0.8031 time 14.56
Epoch 31 sem 0.51 0.92 0.8020 time 14.98
Epoch 32 sem 0.50 0.92 0.8010 time 14.95
Epoch 33 sem 0.47 0.93 0.8053 time 14.64
Epoch 34 sem 0.47 0.93 0.8059 time 15.05
Epoch 35 sem 0.45 0.93 0.8060 time 14.92
Epoch 36 sem 0.44 0.94 0.8063 time 15.76
Epoch 37 sem 0.43 0.94 0.8070 time 15.40
Epoch 38 sem 0.43 0.93 0.8009 time 15.31
Epoch 39 sem 0.41 0.94 0.8013 time 14.71
Epoch 40 sem 0.41 0.94 0.8052 time 14.19
Epoch 41 sem 0.40 0.94 0.7995 time 14.84
Epoch 42 sem 0.38 0.95 0.8088 time 14.24
Epoch 43 sem 0.37 0.95 0.8109 time 15.46
Epoch 44 sem 0.37 0.95 0.8113 time 15.64
Epoch 45 sem 0.37 0.94 0.8006 time 16.69
Epoch 46 sem 0.36 0.95 0.8078 time 14.69
Epoch 47 sem 0.35 0.95 0.8088 time 14.92
Epoch 48 sem 0.33 0.95 0.8035 time 14.55
Epoch 49 sem 0.34 0.95 0.8049 time 15.07
Done training, best_epoch: 44, best_acc: 0.8113
duration: 0.21 hours

<<< (2*9+1)-WAY EVALUATION (USING DIRECTIONALITY)>>>:

Confusion matrix:
        C-E1 C-E2 C-W1 C-W2 C-C1 C-C2 E-D1 E-D2 E-O1 E-O2 I-A1 I-A2 M-C1 M-C2 M-T1 M-T2 P-P1 P-P2  _O_ <-- classified as
      +-----------------------------------------------------------------------------------------------+ -SUM- skip ACTUAL
 C-E1 | 127    1    0    0    0    0    0    0    0    1    0    0    0    0    1    0    0    0    4 |  134    0  134
 C-E2 |   0  180    0    0    0    1    0    0    5    0    0    0    0    0    0    0    1    0    7 |  194    0  194
 C-W1 |   1    0  138    3    3    1    1    0    1    0    3    1    2    4    0    0    0    0    4 |  162    0  162
 C-W2 |   0    0    6  109    0    1    2    0    1    0    0    9    0    4    7    0    0    3    8 |  150    0  150
 C-C1 |   0    0    2    0  140    1    7    0    1    0    0    0    0    0    0    1    0    0    1 |  153    0  153
 C-C2 |   0    0    0    1    1   31    0    0    0    1    0    0    0    1    0    0    0    0    4 |   39    0   39
 E-D1 |   0    0    1    0    5    0  271    0    0    0    0    0    0    0    0    0    0    1   13 |  291    0  291
 E-D2 |   0    0    0    0    0    0    1    0    0    0    0    0    0    0    0    0    0    0    0 |    1    0    1
 E-O1 |   0    4    0    0    1    0    5    0  188    0    0    1    0    0    1    1    3    1    6 |  211    0  211
 E-O2 |   2    0    1    0    0    0    1    0    0   41    0    1    0    0    0    0    0    1    0 |   47    0   47
 I-A1 |   0    0    0    0    0    0    0    0    0    0   14    2    0    0    0    0    3    0    3 |   22    0   22
 I-A2 |   0    0    0    2    0    1    2    0    1    1    0  109    0    0    1    0    0    8    9 |  134    0  134
 M-C1 |   0    0    0    0    0    0    1    0    1    0    0    0   22    0    0    1    0    0    7 |   32    0   32
 M-C2 |   0    0    2    2    0    0    0    0    0    0    0    0    0  193    0    0    1    0    3 |  201    0  201
 M-T1 |   1    0    0    1    0    0    2    0    2    0    0    0    0    1  197    0    0    0    6 |  210    0  210
 M-T2 |   0    1    0    0    0    0    0    0    1    0    0    0    0    0    1   40    0    1    7 |   51    0   51
 P-P1 |   0    4    1    0    0    0    0    0    4    0    3    0    0    0    1    0   90    1    4 |  108    0  108
 P-P2 |   0    0    1    1    0    1    1    0    2    0    0    6    0    0    1    1    0  104    5 |  123    0  123
  _O_ |   8    6   13   10   18    3   22    0   25    4    4   17    5   32   34    7   12   15  219 |  454    0  454
      +-----------------------------------------------------------------------------------------------+
 -SUM-  139  196  165  129  168   40  316    0  232   48   24  146   29  235  244   51  110  135  310   2717    0 2717

Coverage = 2717/2717 = 100.00%
Accuracy (calculated for the above confusion matrix) = 2213/2717 = 81.45%
Accuracy (considering all skipped examples as Wrong) = 2213/2717 = 81.45%
Accuracy (considering all skipped examples as Other) = 2213/2717 = 81.45%

Results for the individual relations:
      Cause-Effect(e1,e2) :    P =  127/ 139 =  91.37%     R =  127/ 134 =  94.78%     F1 =  93.04%
      Cause-Effect(e2,e1) :    P =  180/ 196 =  91.84%     R =  180/ 194 =  92.78%     F1 =  92.31%
   Component-Whole(e1,e2) :    P =  138/ 165 =  83.64%     R =  138/ 162 =  85.19%     F1 =  84.40%
   Component-Whole(e2,e1) :    P =  109/ 129 =  84.50%     R =  109/ 150 =  72.67%     F1 =  78.14%
 Content-Container(e1,e2) :    P =  140/ 168 =  83.33%     R =  140/ 153 =  91.50%     F1 =  87.23%
 Content-Container(e2,e1) :    P =   31/  40 =  77.50%     R =   31/  39 =  79.49%     F1 =  78.48%
Entity-Destination(e1,e2) :    P =  271/ 316 =  85.76%     R =  271/ 291 =  93.13%     F1 =  89.29%
Entity-Destination(e2,e1) :    P =    0/   0 =   0.00%     R =    0/   1 =   0.00%     F1 =   0.00%
     Entity-Origin(e1,e2) :    P =  188/ 232 =  81.03%     R =  188/ 211 =  89.10%     F1 =  84.88%
     Entity-Origin(e2,e1) :    P =   41/  48 =  85.42%     R =   41/  47 =  87.23%     F1 =  86.32%
 Instrument-Agency(e1,e2) :    P =   14/  24 =  58.33%     R =   14/  22 =  63.64%     F1 =  60.87%
 Instrument-Agency(e2,e1) :    P =  109/ 146 =  74.66%     R =  109/ 134 =  81.34%     F1 =  77.86%
 Member-Collection(e1,e2) :    P =   22/  29 =  75.86%     R =   22/  32 =  68.75%     F1 =  72.13%
 Member-Collection(e2,e1) :    P =  193/ 235 =  82.13%     R =  193/ 201 =  96.02%     F1 =  88.53%
     Message-Topic(e1,e2) :    P =  197/ 244 =  80.74%     R =  197/ 210 =  93.81%     F1 =  86.78%
     Message-Topic(e2,e1) :    P =   40/  51 =  78.43%     R =   40/  51 =  78.43%     F1 =  78.43%
  Product-Producer(e1,e2) :    P =   90/ 110 =  81.82%     R =   90/ 108 =  83.33%     F1 =  82.57%
  Product-Producer(e2,e1) :    P =  104/ 135 =  77.04%     R =  104/ 123 =  84.55%     F1 =  80.62%
                   _Other :    P =  219/ 310 =  70.65%     R =  219/ 454 =  48.24%     F1 =  57.33%

Micro-averaged result (excluding Other):
P = 1994/2407 =  82.84%     R = 1994/2263 =  88.11%     F1 =  85.40%

MACRO-averaged result (excluding Other):
P =  76.30%	R =  79.76%	F1 =  77.88%



<<< (9+1)-WAY EVALUATION IGNORING DIRECTIONALITY >>>:

Confusion matrix:
         C-E  C-W  C-C  E-D  E-O  I-A  M-C  M-T  P-P  _O_ <-- classified as
      +--------------------------------------------------+ -SUM- skip ACTUAL
  C-E | 308    0    1    0    6    0    0    1    1   11 |  328    0  328
  C-W |   1  256    5    3    2   13   10    7    3   12 |  312    0  312
  C-C |   0    3  173    7    2    0    1    1    0    5 |  192    0  192
  E-D |   0    1    5  272    0    0    0    0    1   13 |  292    0  292
  E-O |   6    1    1    6  229    2    0    2    5    6 |  258    0  258
  I-A |   0    2    1    2    2  125    0    1   11   12 |  156    0  156
  M-C |   0    4    0    1    1    0  215    1    1   10 |  233    0  233
  M-T |   2    1    0    2    3    0    1  238    1   13 |  261    0  261
  P-P |   4    3    1    1    6    9    0    3  195    9 |  231    0  231
  _O_ |  14   23   21   22   29   21   37   41   27  219 |  454    0  454
      +--------------------------------------------------+
 -SUM-  335  294  208  316  280  170  264  295  245  310   2717    0 2717

Coverage = 2717/2717 = 100.00%
Accuracy (calculated for the above confusion matrix) = 2230/2717 = 82.08%
Accuracy (considering all skipped examples as Wrong) = 2230/2717 = 82.08%
Accuracy (considering all skipped examples as Other) = 2230/2717 = 82.08%

Results for the individual relations:
             Cause-Effect :    P =  308/ 335 =  91.94%     R =  308/ 328 =  93.90%     F1 =  92.91%
          Component-Whole :    P =  256/ 294 =  87.07%     R =  256/ 312 =  82.05%     F1 =  84.49%
        Content-Container :    P =  173/ 208 =  83.17%     R =  173/ 192 =  90.10%     F1 =  86.50%
       Entity-Destination :    P =  272/ 316 =  86.08%     R =  272/ 292 =  93.15%     F1 =  89.47%
            Entity-Origin :    P =  229/ 280 =  81.79%     R =  229/ 258 =  88.76%     F1 =  85.13%
        Instrument-Agency :    P =  125/ 170 =  73.53%     R =  125/ 156 =  80.13%     F1 =  76.69%
        Member-Collection :    P =  215/ 264 =  81.44%     R =  215/ 233 =  92.27%     F1 =  86.52%
            Message-Topic :    P =  238/ 295 =  80.68%     R =  238/ 261 =  91.19%     F1 =  85.61%
         Product-Producer :    P =  195/ 245 =  79.59%     R =  195/ 231 =  84.42%     F1 =  81.93%
                   _Other :    P =  219/ 310 =  70.65%     R =  219/ 454 =  48.24%     F1 =  57.33%

Micro-averaged result (excluding Other):
P = 2011/2407 =  83.55%     R = 2011/2263 =  88.86%     F1 =  86.12%

MACRO-averaged result (excluding Other):
P =  82.81%	R =  88.44%	F1 =  85.47%



<<< (9+1)-WAY EVALUATION TAKING DIRECTIONALITY INTO ACCOUNT -- OFFICIAL >>>:

Confusion matrix:
         C-E  C-W  C-C  E-D  E-O  I-A  M-C  M-T  P-P  _O_ <-- classified as
      +--------------------------------------------------+ -SUM- xDIRx skip  ACTUAL
  C-E | 307    0    1    0    6    0    0    1    1   11 |  327     1     0    328
  C-W |   1  247    5    3    2   13   10    7    3   12 |  303     9     0    312
  C-C |   0    3  171    7    2    0    1    1    0    5 |  190     2     0    192
  E-D |   0    1    5  271    0    0    0    0    1   13 |  291     1     0    292
  E-O |   6    1    1    6  229    2    0    2    5    6 |  258     0     0    258
  I-A |   0    2    1    2    2  123    0    1   11   12 |  154     2     0    156
  M-C |   0    4    0    1    1    0  215    1    1   10 |  233     0     0    233
  M-T |   2    1    0    2    3    0    1  237    1   13 |  260     1     0    261
  P-P |   4    3    1    1    6    9    0    3  194    9 |  230     1     0    231
  _O_ |  14   23   21   22   29   21   37   41   27  219 |  454     0     0    454
      +--------------------------------------------------+
 -SUM-  334  285  206  315  280  168  264  294  244  310   2700    17     0   2717

Coverage = 2717/2717 = 100.00%
Accuracy (calculated for the above confusion matrix) = 2213/2717 = 81.45%
Accuracy (considering all skipped examples as Wrong) = 2213/2717 = 81.45%
Accuracy (considering all skipped examples as Other) = 2213/2717 = 81.45%

Results for the individual relations:
             Cause-Effect :    P =  307/( 334 +   1) =  91.64%     R =  307/ 328 =  93.60%     F1 =  92.61%
          Component-Whole :    P =  247/( 285 +   9) =  84.01%     R =  247/ 312 =  79.17%     F1 =  81.52%
        Content-Container :    P =  171/( 206 +   2) =  82.21%     R =  171/ 192 =  89.06%     F1 =  85.50%
       Entity-Destination :    P =  271/( 315 +   1) =  85.76%     R =  271/ 292 =  92.81%     F1 =  89.14%
            Entity-Origin :    P =  229/( 280 +   0) =  81.79%     R =  229/ 258 =  88.76%     F1 =  85.13%
        Instrument-Agency :    P =  123/( 168 +   2) =  72.35%     R =  123/ 156 =  78.85%     F1 =  75.46%
        Member-Collection :    P =  215/( 264 +   0) =  81.44%     R =  215/ 233 =  92.27%     F1 =  86.52%
            Message-Topic :    P =  237/( 294 +   1) =  80.34%     R =  237/ 261 =  90.80%     F1 =  85.25%
         Product-Producer :    P =  194/( 244 +   1) =  79.18%     R =  194/ 231 =  83.98%     F1 =  81.51%
                   _Other :    P =  219/( 310 +   0) =  70.65%     R =  219/ 454 =  48.24%     F1 =  57.33%

Micro-averaged result (excluding Other):
P = 1994/2407 =  82.84%     R = 1994/2263 =  88.11%     F1 =  85.40%

MACRO-averaged result (excluding Other):
P =  82.08%	R =  87.70%	F1 =  84.74%



<<< The official score is (9+1)-way evaluation with directionality taken into account: 
macro-averaged F1 = 84.74% >>>


