Epoch 0 dbpedia 9.09 0.08 0.3024 sem 0.00 0.00 0.0000 time 14.18
Epoch 1 dbpedia 7.09 0.12 0.5039 sem 0.00 0.00 0.0000 time 23.91
Epoch 2 dbpedia 5.98 0.16 0.6186 sem 0.00 0.00 0.0000 time 23.23
Epoch 3 dbpedia 5.10 0.20 0.6882 sem 0.00 0.00 0.0000 time 24.38
Epoch 4 dbpedia 4.33 0.24 0.7153 sem 0.00 0.00 0.0000 time 23.85
Epoch 5 dbpedia 3.73 0.29 0.7533 sem 0.00 0.00 0.0000 time 23.99
Epoch 6 dbpedia 3.25 0.33 0.7739 sem 0.00 0.00 0.0000 time 24.27
Epoch 7 dbpedia 2.82 0.38 0.7822 sem 0.00 0.00 0.0000 time 25.67
Epoch 8 dbpedia 2.46 0.41 0.8008 sem 0.00 0.00 0.0000 time 23.85
Epoch 9 dbpedia 2.29 0.44 0.8016 sem 0.00 0.00 0.0000 time 23.94
Epoch 10 dbpedia 2.03 0.48 0.8195 sem 0.00 0.00 0.0000 time 24.34
Epoch 11 dbpedia 1.95 0.50 0.8213 sem 0.00 0.00 0.0000 time 25.24
Epoch 12 dbpedia 1.85 0.51 0.8310 sem 0.00 0.00 0.0000 time 23.75
Epoch 13 dbpedia 1.63 0.54 0.8341 sem 0.00 0.00 0.0000 time 24.43
Epoch 14 dbpedia 1.59 0.55 0.8380 sem 0.00 0.00 0.0000 time 24.14
Epoch 15 dbpedia 1.46 0.58 0.8490 sem 0.00 0.00 0.0000 time 24.14
Epoch 16 dbpedia 1.44 0.59 0.8498 sem 0.00 0.00 0.0000 time 24.96
Epoch 17 dbpedia 1.38 0.61 0.8578 sem 0.00 0.00 0.0000 time 24.44
Epoch 18 dbpedia 1.34 0.62 0.8588 sem 0.00 0.00 0.0000 time 24.48
Epoch 19 dbpedia 1.36 0.63 0.8594 sem 0.00 0.00 0.0000 time 24.63
Epoch 20 dbpedia 1.35 0.63 0.8631 sem 0.00 0.00 0.0000 time 24.06
Epoch 21 dbpedia 1.39 0.62 0.8619 sem 0.00 0.00 0.0000 time 23.86
Epoch 22 dbpedia 1.39 0.64 0.8649 sem 0.00 0.00 0.0000 time 24.71
Epoch 23 dbpedia 1.49 0.61 0.8687 sem 0.00 0.00 0.0000 time 24.40
Epoch 24 dbpedia 1.49 0.63 0.8690 sem 0.00 0.00 0.0000 time 23.60
Epoch 25 dbpedia 1.55 0.63 0.8679 sem 0.00 0.00 0.0000 time 24.31
Epoch 26 dbpedia 1.64 0.62 0.8543 sem 0.00 0.00 0.0000 time 24.82
Epoch 27 dbpedia 1.79 0.61 0.8702 sem 0.00 0.00 0.0000 time 23.79
Epoch 28 dbpedia 1.83 0.61 0.8699 sem 0.00 0.00 0.0000 time 23.55
Epoch 29 dbpedia 2.01 0.59 0.8668 sem 0.00 0.00 0.0000 time 25.01
Epoch 30 dbpedia 2.11 0.59 0.8657 sem 0.00 0.00 0.0000 time 24.99
Epoch 31 dbpedia 2.32 0.58 0.8640 sem 0.00 0.00 0.0000 time 27.22
Epoch 32 dbpedia 2.44 0.56 0.8577 sem 0.00 0.00 0.0000 time 24.84
Epoch 33 dbpedia 2.61 0.57 0.8538 sem 0.00 0.00 0.0000 time 23.71
Epoch 34 dbpedia 2.78 0.55 0.8532 sem 0.00 0.00 0.0000 time 24.17
Epoch 35 dbpedia 3.00 0.54 0.8547 sem 0.00 0.00 0.0000 time 23.93
Epoch 36 dbpedia 3.27 0.53 0.8560 sem 0.00 0.00 0.0000 time 24.15
Epoch 37 dbpedia 3.30 0.53 0.8138 sem 0.00 0.00 0.0000 time 24.26
Epoch 38 dbpedia 3.29 0.52 0.8478 sem 0.00 0.00 0.0000 time 23.79
Epoch 39 dbpedia 3.52 0.51 0.8120 sem 0.00 0.00 0.0000 time 24.05
Epoch 40 dbpedia 3.68 0.51 0.8369 sem 0.00 0.00 0.0000 time 24.39
Epoch 41 dbpedia 3.94 0.50 0.8106 sem 0.00 0.00 0.0000 time 25.11
Epoch 42 dbpedia 3.98 0.51 0.8165 sem 0.00 0.00 0.0000 time 24.60



$ dbpedia + semeval

Epoch 0 dbpedia 8.76 0.08 0.4691 sem 6.14 0.19 0.5015 time 24.38
Epoch 1 dbpedia 7.06 0.12 0.5301 sem 2.84 0.38 0.5949 time 24.71
Epoch 2 dbpedia 5.82 0.16 0.6544 sem 1.88 0.51 0.6316 time 25.14
Epoch 3 dbpedia 4.97 0.20 0.6577 sem 1.53 0.58 0.6706 time 24.61
Epoch 4 dbpedia 4.20 0.25 0.5982 sem 1.32 0.63 0.6801 time 24.27
Epoch 5 dbpedia 3.63 0.29 0.6842 sem 1.20 0.65 0.6960 time 25.77
Epoch 6 dbpedia 3.20 0.34 0.7346 sem 1.13 0.68 0.7151 time 26.04
Epoch 7 dbpedia 2.76 0.38 0.6904 sem 1.06 0.70 0.7254 time 34.02
Epoch 8 dbpedia 2.53 0.41 0.7000 sem 1.01 0.71 0.7312 time 29.34
Epoch 9 dbpedia 2.23 0.45 0.7221 sem 0.94 0.73 0.7276 time 28.95
Epoch 10 dbpedia 2.06 0.48 0.7511 sem 0.89 0.74 0.7342 time 20.91
Epoch 11 dbpedia 1.84 0.51 0.7074 sem 0.87 0.76 0.7438 time 37.06
Epoch 12 dbpedia 1.73 0.53 0.7603 sem 0.81 0.77 0.7419 time 32.85
Epoch 13 dbpedia 1.61 0.55 0.7147 sem 0.77 0.79 0.7456 time 22.44
Epoch 14 dbpedia 1.51 0.56 0.7732 sem 0.75 0.79 0.7566 time 31.66
Epoch 15 dbpedia 1.47 0.58 0.6937 sem 0.71 0.81 0.7507 time 25.30
Epoch 16 dbpedia 1.38 0.60 0.7393 sem 0.69 0.82 0.7562 time 22.69
Epoch 17 dbpedia 1.39 0.61 0.7805 sem 0.63 0.83 0.7540 time 22.04
Epoch 18 dbpedia 1.32 0.63 0.7471 sem 0.62 0.85 0.7574 time 21.99
Epoch 19 dbpedia 1.33 0.62 0.7596 sem 0.59 0.85 0.7570 time 27.78
Epoch 20 dbpedia 1.30 0.64 0.7812 sem 0.57 0.86 0.7588 time 22.33
Epoch 21 dbpedia 1.31 0.63 0.7474 sem 0.56 0.86 0.7551 time 33.66
Epoch 22 dbpedia 1.33 0.64 0.7684 sem 0.52 0.88 0.7533 time 21.98
Epoch 23 dbpedia 1.35 0.64 0.7544 sem 0.49 0.89 0.7632 time 21.60
Epoch 24 dbpedia 1.45 0.64 0.7533 sem 0.48 0.89 0.7596 time 36.28
Epoch 25 dbpedia 1.48 0.63 0.8173 sem 0.47 0.89 0.7647 time 21.94
Epoch 26 dbpedia 1.59 0.63 0.7901 sem 0.46 0.89 0.7658 time 25.61
Epoch 27 dbpedia 1.68 0.63 0.7787 sem 0.42 0.91 0.7699 time 23.60
Epoch 28 dbpedia 1.74 0.62 0.7901 sem 0.41 0.91 0.7732 time 26.28
Epoch 29 dbpedia 1.85 0.61 0.8004 sem 0.40 0.91 0.7629 time 25.77
Epoch 30 dbpedia 1.94 0.61 0.7515 sem 0.39 0.92 0.7647 time 22.11
Epoch 31 dbpedia 2.10 0.60 0.8257 sem 0.39 0.92 0.7621 time 22.07
Epoch 32 dbpedia 2.32 0.58 0.8154 sem 0.36 0.92 0.7592 time 21.74
Epoch 33 dbpedia 2.42 0.58 0.7985 sem 0.35 0.93 0.7665 time 20.82
Epoch 34 dbpedia 2.55 0.57 0.7721 sem 0.34 0.93 0.7614 time 21.42
Epoch 35 dbpedia 2.67 0.57 0.7154 sem 0.33 0.93 0.7640 time 21.22
Epoch 36 dbpedia 2.91 0.56 0.7051 sem 0.32 0.94 0.7651 time 22.21
Epoch 37 dbpedia 2.96 0.55 0.8559 sem 0.31 0.94 0.7625 time 22.26
Epoch 38 dbpedia 3.13 0.54 0.7243 sem 0.30 0.94 0.7669 time 21.91
Epoch 39 dbpedia 3.24 0.54 0.8037 sem 0.30 0.94 0.7632 time 21.78
Epoch 40 dbpedia 3.38 0.52 0.6735 sem 0.29 0.94 0.7669 time 22.10
Epoch 41 dbpedia 3.56 0.53 0.7320 sem 0.28 0.95 0.7702 time 22.61
Epoch 42 dbpedia 3.67 0.53 0.8452 sem 0.27 0.95 0.7699 time 21.63
Epoch 43 dbpedia 3.82 0.51 0.8371 sem 0.26 0.95 0.7610 time 21.87
Epoch 44 dbpedia 3.85 0.51 0.7548 sem 0.25 0.96 0.7629 time 21.80
Epoch 45 dbpedia 4.09 0.50 0.6456 sem 0.26 0.95 0.7665 time 21.33
Epoch 46 dbpedia 4.13 0.50 0.6018 sem 0.25 0.96 0.7658 time 21.82
Epoch 47 dbpedia 4.25 0.49 0.6324 sem 0.24 0.96 0.7669 time 21.90
Epoch 48 dbpedia 4.54 0.48 0.7904 sem 0.24 0.96 0.7618 time 21.54
Epoch 49 dbpedia 4.50 0.49 0.8055 sem 0.23 0.96 0.7562 time 22.46
Epoch 50 dbpedia 4.72 0.47 0.4996 sem 0.22 0.96 0.7651 time 22.48
Epoch 51 dbpedia 4.71 0.48 0.7934 sem 0.21 0.96 0.7702 time 21.55
Epoch 52 dbpedia 4.82 0.47 0.8059 sem 0.22 0.96 0.7673 time 22.51
Epoch 53 dbpedia 4.74 0.48 0.6077 sem 0.21 0.97 0.7636 time 22.59
Epoch 54 dbpedia 4.85 0.46 0.3989 sem 0.20 0.97 0.7684 time 22.78
Epoch 55 dbpedia 5.05 0.46 0.3511 sem 0.21 0.97 0.7599 time 22.48
Epoch 56 dbpedia 5.01 0.46 0.7316 sem 0.20 0.97 0.7680 time 21.29
Epoch 57 dbpedia 5.11 0.46 0.8518 sem 0.20 0.97 0.7688 time 21.97
Epoch 58 dbpedia 5.18 0.45 0.6331 sem 0.19 0.97 0.7614 time 22.43
Epoch 59 dbpedia 5.23 0.45 0.8390 sem 0.20 0.97 0.7559 time 21.55
Epoch 60 dbpedia 5.22 0.44 0.8143 sem 0.19 0.97 0.7588 time 22.23
Epoch 61 dbpedia 5.25 0.44 0.6684 sem 0.19 0.97 0.7702 time 21.93
Epoch 62 dbpedia 5.24 0.44 0.6029 sem 0.18 0.97 0.7629 time 21.55
Epoch 63 dbpedia 5.39 0.44 0.5544 sem 0.19 0.97 0.7603 time 22.06
Epoch 64 dbpedia 5.47 0.42 0.5349 sem 0.16 0.98 0.7618 time 22.40
Epoch 65 dbpedia 5.49 0.43 0.6015 sem 0.17 0.98 0.7607 time 22.71
Epoch 66 dbpedia 5.52 0.43 0.7044 sem 0.17 0.97 0.7603 time 21.77
Epoch 67 dbpedia 5.58 0.43 0.3070 sem 0.17 0.97 0.7592 time 22.23
Epoch 68 dbpedia 5.72 0.41 0.8316 sem 0.17 0.98 0.7610 time 22.57
Epoch 69 dbpedia 5.69 0.42 0.7757 sem 0.16 0.98 0.7551 time 22.01
Epoch 70 dbpedia 5.64 0.43 0.3518 sem 0.17 0.97 0.7643 time 21.59
Epoch 71 dbpedia 5.73 0.42 0.7776 sem 0.16 0.97 0.7599 time 20.93
Epoch 72 dbpedia 5.83 0.41 0.1316 sem 0.15 0.98 0.7651 time 21.90
Epoch 73 dbpedia 5.87 0.40 0.7434 sem 0.15 0.98 0.7548 time 21.78
Epoch 74 dbpedia 5.80 0.40 0.3654 sem 0.14 0.98 0.7544 time 21.41
Epoch 75 dbpedia 5.92 0.40 0.3893 sem 0.15 0.98 0.7581 time 21.61
Epoch 76 dbpedia 5.87 0.40 0.5599 sem 0.15 0.98 0.7585 time 22.38
Epoch 77 dbpedia 5.97 0.41 0.5364 sem 0.15 0.98 0.7581 time 21.64
Epoch 78 dbpedia 5.94 0.40 0.8985 sem 0.14 0.98 0.7658 time 21.47
Epoch 79 dbpedia 6.02 0.39 0.7562 sem 0.14 0.98 0.7618 time 21.43
Epoch 80 dbpedia 6.10 0.39 0.7750 sem 0.14 0.98 0.7592 time 21.47
Epoch 81 dbpedia 6.09 0.40 0.4710 sem 0.14 0.98 0.7629 time 21.50
Epoch 82 dbpedia 6.14 0.40 0.3419 sem 0.13 0.98 0.7599 time 21.72
Epoch 83 dbpedia 6.11 0.39 0.4860 sem 0.13 0.98 0.7614 time 21.00
Epoch 84 dbpedia 6.18 0.39 0.7562 sem 0.14 0.98 0.7636 time 21.64
Epoch 85 dbpedia 6.32 0.38 0.5787 sem 0.14 0.98 0.7574 time 21.84
Epoch 86 dbpedia 6.38 0.38 0.3632 sem 0.14 0.98 0.7596 time 21.69
Epoch 87 dbpedia 6.36 0.39 0.4114 sem 0.13 0.98 0.7625 time 21.49
Epoch 88 dbpedia 6.39 0.39 0.3790 sem 0.13 0.98 0.7574 time 22.30
Epoch 89 dbpedia 6.40 0.39 0.3926 sem 0.13 0.98 0.7577 time 21.21
Epoch 90 dbpedia 6.49 0.39 0.3801 sem 0.13 0.98 0.7592 time 21.48
Epoch 91 dbpedia 6.63 0.38 0.2088 sem 0.13 0.98 0.7599 time 22.14
Epoch 92 dbpedia 6.74 0.38 0.1926 sem 0.13 0.98 0.7603 time 21.45
Epoch 93 dbpedia 6.84 0.37 0.7206 sem 0.12 0.98 0.7636 time 21.25
Epoch 94 dbpedia 7.01 0.38 0.7059 sem 0.12 0.98 0.7522 time 21.42
Epoch 95 dbpedia 7.12 0.38 0.6926 sem 0.13 0.98 0.7555 time 21.38
Epoch 96 dbpedia 7.24 0.37 0.6125 sem 0.12 0.98 0.7562 time 21.24
Epoch 97 dbpedia 7.34 0.38 0.2662 sem 0.12 0.98 0.7562 time 20.94
Epoch 98 dbpedia 7.45 0.36 0.7952 sem 0.12 0.98 0.7540 time 21.36
Epoch 99 dbpedia 7.58 0.36 0.4827 sem 0.11 0.98 0.7551 time 20.75
Done training, best_epoch: 28, best_acc: 0.7732
duration: 0.64 hours


$ one label set

Epoch 0 dbpedia 9.44 0.08 0.2059 sem 6.38 0.19 0.4801 time 24.22
Epoch 1 dbpedia 7.39 0.11 0.2555 sem 2.96 0.38 0.5805 time 32.62
Epoch 2 dbpedia 6.29 0.16 0.4221 sem 1.96 0.50 0.6320 time 29.73
Epoch 3 dbpedia 5.18 0.21 0.5798 sem 1.54 0.58 0.6673 time 38.77
Epoch 4 dbpedia 4.44 0.25 0.5478 sem 1.36 0.62 0.6776 time 32.94
Epoch 5 dbpedia 3.79 0.30 0.5897 sem 1.25 0.65 0.6835 time 32.00
Epoch 6 dbpedia 3.38 0.34 0.7018 sem 1.15 0.67 0.7066 time 30.62
Epoch 7 dbpedia 2.97 0.38 0.6750 sem 1.06 0.70 0.7140 time 34.07
Epoch 8 dbpedia 2.63 0.43 0.7092 sem 1.01 0.71 0.7184 time 33.54
Epoch 9 dbpedia 2.42 0.44 0.6794 sem 0.96 0.73 0.7301 time 33.80
Epoch 10 dbpedia 2.22 0.48 0.6732 sem 0.93 0.74 0.7338 time 26.55
Epoch 11 dbpedia 1.96 0.52 0.6824 sem 0.88 0.76 0.7375 time 24.55
Epoch 12 dbpedia 1.83 0.53 0.7239 sem 0.83 0.77 0.7382 time 25.49
Epoch 13 dbpedia 1.71 0.55 0.7504 sem 0.79 0.79 0.7338 time 23.93
Epoch 14 dbpedia 1.57 0.58 0.7647 sem 0.74 0.81 0.7507 time 22.32
Epoch 15 dbpedia 1.55 0.59 0.6809 sem 0.71 0.81 0.7482 time 25.45
Epoch 16 dbpedia 1.43 0.61 0.7298 sem 0.69 0.82 0.7518 time 22.42
Epoch 17 dbpedia 1.40 0.62 0.7180 sem 0.65 0.84 0.7610 time 29.63
Epoch 18 dbpedia 1.34 0.62 0.7776 sem 0.62 0.84 0.7603 time 28.41
Epoch 19 dbpedia 1.35 0.64 0.7529 sem 0.61 0.85 0.7507 time 22.41
Epoch 20 dbpedia 1.32 0.65 0.7559 sem 0.57 0.86 0.7596 time 21.86
Epoch 21 dbpedia 1.32 0.65 0.7581 sem 0.54 0.87 0.7658 time 21.82
Epoch 22 dbpedia 1.38 0.65 0.7581 sem 0.53 0.87 0.7669 time 40.32
Epoch 23 dbpedia 1.35 0.66 0.7754 sem 0.52 0.88 0.7592 time 34.66
Epoch 24 dbpedia 1.40 0.66 0.8158 sem 0.48 0.89 0.7643 time 21.10
Epoch 25 dbpedia 1.49 0.65 0.7699 sem 0.46 0.90 0.7607 time 22.23
Epoch 26 dbpedia 1.57 0.65 0.7890 sem 0.44 0.90 0.7621 time 22.28
Epoch 27 dbpedia 1.69 0.64 0.7173 sem 0.43 0.90 0.7680 time 22.27
Epoch 28 dbpedia 1.76 0.65 0.8015 sem 0.42 0.91 0.7643 time 35.80
Epoch 29 dbpedia 1.87 0.63 0.7735 sem 0.41 0.91 0.7654 time 22.06
Epoch 30 dbpedia 2.10 0.62 0.7346 sem 0.41 0.91 0.7680 time 22.50
Epoch 31 dbpedia 2.21 0.62 0.7835 sem 0.38 0.92 0.7684 time 22.19
Epoch 32 dbpedia 2.28 0.61 0.7566 sem 0.36 0.92 0.7691 time 34.84
Epoch 33 dbpedia 2.46 0.60 0.7783 sem 0.35 0.93 0.7651 time 39.51
Epoch 34 dbpedia 2.60 0.60 0.7853 sem 0.34 0.93 0.7640 time 22.24
Epoch 35 dbpedia 2.82 0.58 0.8004 sem 0.34 0.93 0.7654 time 23.66
Epoch 36 dbpedia 2.98 0.57 0.7544 sem 0.31 0.94 0.7640 time 23.16
Epoch 37 dbpedia 3.15 0.58 0.7835 sem 0.33 0.93 0.7618 time 22.31
Epoch 38 dbpedia 3.25 0.57 0.7937 sem 0.30 0.94 0.7662 time 23.02
Epoch 39 dbpedia 3.49 0.56 0.7790 sem 0.30 0.94 0.7658 time 23.59
Epoch 40 dbpedia 3.68 0.55 0.6592 sem 0.29 0.95 0.7603 time 23.01
Epoch 41 dbpedia 3.98 0.53 0.6974 sem 0.28 0.95 0.7596 time 22.35
Epoch 42 dbpedia 4.07 0.54 0.6801 sem 0.28 0.95 0.7581 time 21.60
Epoch 43 dbpedia 4.16 0.53 0.7199 sem 0.26 0.95 0.7610 time 22.81
Epoch 44 dbpedia 4.41 0.52 0.7801 sem 0.26 0.95 0.7699 time 23.13
Epoch 45 dbpedia 4.58 0.52 0.7886 sem 0.25 0.96 0.7603 time 40.68
Epoch 46 dbpedia 4.62 0.52 0.8695 sem 0.24 0.96 0.7680 time 22.07
Epoch 47 dbpedia 4.85 0.50 0.8599 sem 0.25 0.95 0.7691 time 25.54
Epoch 48 dbpedia 4.98 0.50 0.7004 sem 0.24 0.96 0.7618 time 30.50
Epoch 49 dbpedia 5.22 0.48 0.6857 sem 0.23 0.96 0.7669 time 29.78
Epoch 50 dbpedia 5.32 0.49 0.7496 sem 0.23 0.96 0.7647 time 32.66
Epoch 51 dbpedia 5.38 0.48 0.7882 sem 0.23 0.96 0.7665 time 29.25
Epoch 52 dbpedia 5.51 0.49 0.7673 sem 0.22 0.97 0.7621 time 31.91
Epoch 53 dbpedia 5.73 0.47 0.4640 sem 0.21 0.97 0.7629 time 29.92
Epoch 54 dbpedia 5.73 0.47 0.7287 sem 0.21 0.97 0.7680 time 28.65
Epoch 55 dbpedia 5.98 0.48 0.7371 sem 0.21 0.97 0.7706 time 33.03
Epoch 56 dbpedia 6.01 0.47 0.8706 sem 0.21 0.96 0.7669 time 50.51
Epoch 57 dbpedia 6.18 0.47 0.5879 sem 0.20 0.97 0.7710 time 29.59
Epoch 58 dbpedia 6.33 0.46 0.9033 sem 0.20 0.97 0.7702 time 45.79
Epoch 59 dbpedia 6.26 0.47 0.7812 sem 0.18 0.97 0.7636 time 30.59
Epoch 60 dbpedia 6.49 0.44 0.6066 sem 0.18 0.97 0.7585 time 32.20
Epoch 61 dbpedia 6.57 0.45 0.5062 sem 0.19 0.97 0.7673 time 29.24
Epoch 62 dbpedia 6.76 0.44 0.6206 sem 0.18 0.97 0.7621 time 29.54
Epoch 63 dbpedia 6.75 0.44 0.5915 sem 0.17 0.97 0.7654 time 28.88
Epoch 64 dbpedia 6.88 0.43 0.3489 sem 0.17 0.97 0.7647 time 33.91
Epoch 65 dbpedia 7.01 0.43 0.5180 sem 0.18 0.97 0.7647 time 27.68
Epoch 66 dbpedia 7.13 0.42 0.7754 sem 0.17 0.97 0.7614 time 26.85
Epoch 67 dbpedia 7.21 0.44 0.5687 sem 0.17 0.98 0.7621 time 24.07
Epoch 68 dbpedia 7.30 0.43 0.7419 sem 0.17 0.97 0.7574 time 23.18
Epoch 69 dbpedia 7.45 0.43 0.7610 sem 0.17 0.97 0.7669 time 24.29
Epoch 70 dbpedia 7.46 0.42 0.4949 sem 0.17 0.97 0.7588 time 24.06
Epoch 71 dbpedia 7.67 0.42 0.8710 sem 0.15 0.98 0.7537 time 22.39
Epoch 72 dbpedia 7.75 0.42 0.4688 sem 0.16 0.98 0.7636 time 29.59
Epoch 73 dbpedia 7.70 0.42 0.2272 sem 0.16 0.97 0.7625 time 30.47
Epoch 74 dbpedia 7.79 0.42 0.6169 sem 0.16 0.98 0.7629 time 28.84
Epoch 75 dbpedia 8.00 0.41 0.4110 sem 0.15 0.98 0.7647 time 28.40
Epoch 76 dbpedia 8.13 0.40 0.4000 sem 0.15 0.98 0.7621 time 31.52
Epoch 77 dbpedia 8.15 0.40 0.4673 sem 0.15 0.98 0.7570 time 33.61
Epoch 78 dbpedia 8.13 0.41 0.2607 sem 0.15 0.98 0.7596 time 30.42
Epoch 79 dbpedia 8.25 0.42 0.8213 sem 0.14 0.98 0.7651 time 28.88
Epoch 80 dbpedia 8.42 0.40 0.5379 sem 0.14 0.98 0.7610 time 29.98
Epoch 81 dbpedia 8.47 0.41 0.4246 sem 0.14 0.98 0.7640 time 35.02
Epoch 82 dbpedia 8.55 0.39 0.7011 sem 0.15 0.98 0.7647 time 30.47
Epoch 83 dbpedia 8.59 0.41 0.5882 sem 0.14 0.98 0.7551 time 32.74
Epoch 84 dbpedia 8.71 0.40 0.2250 sem 0.14 0.98 0.7566 time 32.78
Epoch 85 dbpedia 8.89 0.40 0.0893 sem 0.13 0.98 0.7643 time 31.41
Epoch 86 dbpedia 9.07 0.40 0.3551 sem 0.14 0.98 0.7518 time 32.06
Epoch 87 dbpedia 9.04 0.41 0.5132 sem 0.14 0.98 0.7585 time 28.86
Epoch 88 dbpedia 9.41 0.38 0.1853 sem 0.13 0.98 0.7544 time 29.94
Epoch 89 dbpedia 9.37 0.40 0.3305 sem 0.13 0.98 0.7570 time 30.78
Epoch 90 dbpedia 9.65 0.39 0.7250 sem 0.13 0.98 0.7574 time 31.78
Epoch 91 dbpedia 9.83 0.38 0.9015 sem 0.13 0.98 0.7592 time 25.89
Epoch 92 dbpedia 9.96 0.40 0.3250 sem 0.13 0.98 0.7673 time 23.04
Epoch 93 dbpedia 10.18 0.37 0.6662 sem 0.12 0.99 0.7647 time 23.46
Epoch 94 dbpedia 10.33 0.39 0.5625 sem 0.13 0.98 0.7555 time 22.92
Epoch 95 dbpedia 10.58 0.38 0.0614 sem 0.12 0.98 0.7570 time 22.08
Epoch 96 dbpedia 10.68 0.39 0.2346 sem 0.12 0.98 0.7618 time 22.92
Epoch 97 dbpedia 11.08 0.36 0.3526 sem 0.12 0.99 0.7640 time 23.41
Epoch 98 dbpedia 11.09 0.37 0.6419 sem 0.13 0.98 0.7640 time 30.71
Epoch 99 dbpedia 11.28 0.37 0.3816 sem 0.13 0.98 0.7566 time 32.57
Done training, best_epoch: 57, best_acc: 0.7710
duration: 0.79 hours
