Epoch 0 loss 0.81 adv_acc 0.0000 acc 0.63 0.8095 time 35.00
Epoch 1 loss 0.50 adv_acc 0.0000 acc 0.76 0.8296 time 41.42
Epoch 2 loss 0.44 adv_acc 0.0000 acc 0.81 0.8477 time 43.16
Epoch 3 loss 0.41 adv_acc 0.0000 acc 0.82 0.8591 time 43.02
Epoch 4 loss 0.40 adv_acc 0.0000 acc 0.83 0.8654 time 40.41
Epoch 5 loss 0.37 adv_acc 0.0000 acc 0.84 0.8707 time 41.50
Epoch 6 loss 0.36 adv_acc 0.0000 acc 0.85 0.8686 time 40.44
Epoch 7 loss 0.35 adv_acc 0.0000 acc 0.85 0.8650 time 40.99
Epoch 8 loss 0.35 adv_acc 0.0000 acc 0.86 0.8729 time 41.96
Epoch 9 loss 0.34 adv_acc 0.0000 acc 0.86 0.8771 time 41.15
Epoch 10 loss 0.33 adv_acc 0.0000 acc 0.86 0.8766 time 40.50
Epoch 11 loss 0.32 adv_acc 0.0000 acc 0.87 0.8793 time 47.08
Epoch 12 loss 0.32 adv_acc 0.0000 acc 0.87 0.8796 time 42.79
Epoch 13 loss 0.31 adv_acc 0.0000 acc 0.87 0.8804 time 42.29
Epoch 14 loss 0.31 adv_acc 0.0000 acc 0.88 0.8821 time 42.07
Epoch 15 loss 0.30 adv_acc 0.0000 acc 0.88 0.8829 time 41.57
Epoch 16 loss 0.30 adv_acc 0.0000 acc 0.88 0.8859 time 42.12
Epoch 17 loss 0.29 adv_acc 0.0000 acc 0.88 0.8850 time 41.88
Epoch 18 loss 0.29 adv_acc 0.0000 acc 0.88 0.8862 time 41.46
Epoch 19 loss 0.28 adv_acc 0.0000 acc 0.89 0.8862 time 42.52
Epoch 20 loss 0.29 adv_acc 0.0000 acc 0.89 0.8871 time 41.48
Epoch 21 loss 0.29 adv_acc 0.0000 acc 0.89 0.8870 time 42.12
Epoch 22 loss 0.27 adv_acc 0.0000 acc 0.89 0.8891 time 41.78
Epoch 23 loss 0.27 adv_acc 0.0000 acc 0.89 0.8925 time 41.83
Epoch 24 loss 0.27 adv_acc 0.0000 acc 0.90 0.8870 time 41.94
Epoch 25 loss 0.27 adv_acc 0.0000 acc 0.89 0.8880 time 40.10
Epoch 26 loss 0.26 adv_acc 0.0000 acc 0.90 0.8900 time 39.83
Epoch 27 loss 0.26 adv_acc 0.0000 acc 0.90 0.8904 time 40.37
Epoch 28 loss 0.26 adv_acc 0.0000 acc 0.90 0.8880 time 40.83
Epoch 29 loss 0.25 adv_acc 0.0000 acc 0.90 0.8891 time 41.05
Done training, best_epoch: 23, best_acc: 0.8925
duration: 0.35 hours

acc 89.25 err 10.75


Epoch 0 loss 1.22 adv_acc 0.0815 acc 0.63 0.8145 time 62.83
Epoch 1 loss 0.67 adv_acc 0.0997 acc 0.75 0.8416 time 71.55
Epoch 2 loss 0.61 adv_acc 0.1048 acc 0.79 0.8523 time 71.68
Epoch 3 loss 0.57 adv_acc 0.1032 acc 0.81 0.8605 time 71.58
Epoch 4 loss 0.54 adv_acc 0.1069 acc 0.83 0.8402 time 71.31
Epoch 5 loss 0.53 adv_acc 0.1098 acc 0.83 0.8743 time 69.99
Epoch 6 loss 0.51 adv_acc 0.1080 acc 0.84 0.8741 time 70.48
Epoch 7 loss 0.50 adv_acc 0.1095 acc 0.85 0.8709 time 70.40
Epoch 8 loss 0.49 adv_acc 0.1116 acc 0.86 0.8745 time 69.99
Epoch 9 loss 0.47 adv_acc 0.1153 acc 0.86 0.8705 time 70.47
Epoch 10 loss 0.47 adv_acc 0.1133 acc 0.86 0.8795 time 70.09
Epoch 11 loss 0.46 adv_acc 0.1106 acc 0.87 0.8800 time 70.47
Epoch 12 loss 0.44 adv_acc 0.1164 acc 0.87 0.8802 time 70.41
Epoch 13 loss 0.44 adv_acc 0.1192 acc 0.88 0.8809 time 70.25
Epoch 14 loss 0.44 adv_acc 0.1199 acc 0.88 0.8789 time 70.35
Epoch 15 loss 0.43 adv_acc 0.1134 acc 0.88 0.8891 time 69.86
Epoch 16 loss 0.43 adv_acc 0.1142 acc 0.88 0.8898 time 70.23
Epoch 17 loss 0.42 adv_acc 0.1167 acc 0.89 0.8854 time 70.31
Epoch 18 loss 0.41 adv_acc 0.1151 acc 0.89 0.8862 time 69.84
Epoch 19 loss 0.41 adv_acc 0.1149 acc 0.89 0.8839 time 69.96
Epoch 20 loss 0.41 adv_acc 0.1167 acc 0.89 0.8886 time 69.85
Epoch 21 loss 0.40 adv_acc 0.1164 acc 0.90 0.8909 time 69.82
Epoch 22 loss 0.40 adv_acc 0.1176 acc 0.90 0.8888 time 70.01
Epoch 23 loss 0.39 adv_acc 0.1152 acc 0.90 0.8900 time 70.09
Epoch 24 loss 0.39 adv_acc 0.1144 acc 0.90 0.8911 time 69.47
Epoch 25 loss 0.39 adv_acc 0.1180 acc 0.90 0.8886 time 70.26
Epoch 26 loss 0.38 adv_acc 0.1176 acc 0.91 0.8904 time 69.55
Epoch 27 loss 0.38 adv_acc 0.1144 acc 0.91 0.8923 time 69.58
Epoch 28 loss 0.38 adv_acc 0.1154 acc 0.91 0.8884 time 70.36
Epoch 29 loss 0.37 adv_acc 0.1169 acc 0.91 0.8936 time 69.29
Done training, best_epoch: 29, best_acc: 0.8936
duration: 0.59 hours

acc 89.36 err 10.64