Epoch 0 loss 0.83 acc 0.50 0.5889 time 23.05
Epoch 1 loss 0.61 acc 0.62 0.6377 time 24.86
Epoch 2 loss 0.73 acc 0.56 0.7968 time 24.56
Epoch 3 loss 0.40 acc 0.81 0.8130 time 24.10
Epoch 4 loss 0.30 acc 0.88 0.8250 time 24.68
Epoch 5 loss 0.46 acc 0.75 0.8455 time 24.07
Epoch 6 loss 0.40 acc 0.94 0.8541 time 24.20
Epoch 7 loss 0.55 acc 0.75 0.8582 time 24.29
Epoch 8 loss 0.31 acc 0.88 0.8575 time 24.04
Epoch 9 loss 0.36 acc 0.88 0.8607 time 23.53
Epoch 10 loss 0.25 acc 0.94 0.8643 time 23.98
Epoch 11 loss 0.14 acc 1.00 0.8534 time 24.17
Epoch 12 loss 0.33 acc 0.88 0.8552 time 23.81
Epoch 13 loss 0.27 acc 0.81 0.8586 time 24.02
Epoch 14 loss 0.19 acc 0.94 0.8568 time 24.02
Epoch 15 loss 0.14 acc 0.94 0.8607 time 24.00
Epoch 16 loss 0.11 acc 1.00 0.8616 time 24.20
Epoch 17 loss 0.44 acc 0.94 0.8598 time 24.35
Epoch 18 loss 0.09 acc 1.00 0.8621 time 23.93
Epoch 19 loss 0.09 acc 1.00 0.8616 time 23.95
Epoch 20 loss 0.27 acc 0.94 0.8639 time 23.80

acc 0.8643, err 13.57
